<?xml version="1.0" encoding="UTF-8"?>
<testsuite xmlns:xsi="http://www.w3.org/2001/XMLSchema-instance" xsi:noNamespaceSchemaLocation="https://maven.apache.org/surefire/maven-surefire-plugin/xsd/surefire-test-report.xsd" version="3.0.2" name="br.com.erudio.integrationtests.controllers.withyaml.AuthControllerYamlTest" time="30.125" tests="2" errors="2" skipped="0" failures="0">
  <properties>
    <property name="java.specification.version" value="25"/>
    <property name="sun.cpu.isalist" value="amd64"/>
    <property name="sun.jnu.encoding" value="Cp1252"/>
    <property name="java.class.path" value="C:\Users\joaoa\OneDrive\Área de Trabalho\projetoJMJ\Back_End\ProjetoJMJ_SpringBoot\target\test-classes;C:\Users\joaoa\OneDrive\Área de Trabalho\projetoJMJ\Back_End\ProjetoJMJ_SpringBoot\target\classes;C:\Users\joaoa\.m2\repository\org\springframework\boot\spring-boot-starter-web\3.4.1\spring-boot-starter-web-3.4.1.jar;C:\Users\joaoa\.m2\repository\org\springframework\boot\spring-boot-starter\3.4.1\spring-boot-starter-3.4.1.jar;C:\Users\joaoa\.m2\repository\org\springframework\boot\spring-boot-starter-logging\3.4.1\spring-boot-starter-logging-3.4.1.jar;C:\Users\joaoa\.m2\repository\ch\qos\logback\logback-classic\1.5.12\logback-classic-1.5.12.jar;C:\Users\joaoa\.m2\repository\ch\qos\logback\logback-core\1.5.12\logback-core-1.5.12.jar;C:\Users\joaoa\.m2\repository\org\apache\logging\log4j\log4j-to-slf4j\2.24.3\log4j-to-slf4j-2.24.3.jar;C:\Users\joaoa\.m2\repository\org\slf4j\jul-to-slf4j\2.0.16\jul-to-slf4j-2.0.16.jar;C:\Users\joaoa\.m2\repository\jakarta\annotation\jakarta.annotation-api\2.1.1\jakarta.annotation-api-2.1.1.jar;C:\Users\joaoa\.m2\repository\org\springframework\boot\spring-boot-starter-json\3.4.1\spring-boot-starter-json-3.4.1.jar;C:\Users\joaoa\.m2\repository\com\fasterxml\jackson\datatype\jackson-datatype-jdk8\2.18.2\jackson-datatype-jdk8-2.18.2.jar;C:\Users\joaoa\.m2\repository\com\fasterxml\jackson\module\jackson-module-parameter-names\2.18.2\jackson-module-parameter-names-2.18.2.jar;C:\Users\joaoa\.m2\repository\org\springframework\boot\spring-boot-starter-tomcat\3.4.1\spring-boot-starter-tomcat-3.4.1.jar;C:\Users\joaoa\.m2\repository\org\apache\tomcat\embed\tomcat-embed-core\10.1.34\tomcat-embed-core-10.1.34.jar;C:\Users\joaoa\.m2\repository\org\apache\tomcat\embed\tomcat-embed-el\10.1.34\tomcat-embed-el-10.1.34.jar;C:\Users\joaoa\.m2\repository\org\apache\tomcat\embed\tomcat-embed-websocket\10.1.34\tomcat-embed-websocket-10.1.34.jar;C:\Users\joaoa\.m2\repository\org\springframework\spring-web\6.2.1\spring-web-6.2.1.jar;C:\Users\joaoa\.m2\repository\io\micrometer\micrometer-observation\1.14.2\micrometer-observation-1.14.2.jar;C:\Users\joaoa\.m2\repository\io\micrometer\micrometer-commons\1.14.2\micrometer-commons-1.14.2.jar;C:\Users\joaoa\.m2\repository\org\springframework\spring-webmvc\6.2.1\spring-webmvc-6.2.1.jar;C:\Users\joaoa\.m2\repository\org\springframework\spring-expression\6.2.1\spring-expression-6.2.1.jar;C:\Users\joaoa\.m2\repository\org\springframework\boot\spring-boot-starter-mail\3.4.1\spring-boot-starter-mail-3.4.1.jar;C:\Users\joaoa\.m2\repository\org\springframework\spring-context-support\6.2.1\spring-context-support-6.2.1.jar;C:\Users\joaoa\.m2\repository\org\eclipse\angus\jakarta.mail\2.0.3\jakarta.mail-2.0.3.jar;C:\Users\joaoa\.m2\repository\jakarta\activation\jakarta.activation-api\2.1.3\jakarta.activation-api-2.1.3.jar;C:\Users\joaoa\.m2\repository\org\eclipse\angus\angus-activation\2.0.2\angus-activation-2.0.2.jar;C:\Users\joaoa\.m2\repository\org\springframework\boot\spring-boot-starter-data-jpa\3.4.1\spring-boot-starter-data-jpa-3.4.1.jar;C:\Users\joaoa\.m2\repository\org\springframework\boot\spring-boot-starter-jdbc\3.4.1\spring-boot-starter-jdbc-3.4.1.jar;C:\Users\joaoa\.m2\repository\com\zaxxer\HikariCP\5.1.0\HikariCP-5.1.0.jar;C:\Users\joaoa\.m2\repository\org\springframework\spring-jdbc\6.2.1\spring-jdbc-6.2.1.jar;C:\Users\joaoa\.m2\repository\org\hibernate\orm\hibernate-core\6.6.4.Final\hibernate-core-6.6.4.Final.jar;C:\Users\joaoa\.m2\repository\jakarta\persistence\jakarta.persistence-api\3.1.0\jakarta.persistence-api-3.1.0.jar;C:\Users\joaoa\.m2\repository\jakarta\transaction\jakarta.transaction-api\2.0.1\jakarta.transaction-api-2.0.1.jar;C:\Users\joaoa\.m2\repository\org\jboss\logging\jboss-logging\3.6.1.Final\jboss-logging-3.6.1.Final.jar;C:\Users\joaoa\.m2\repository\org\hibernate\common\hibernate-commons-annotations\7.0.3.Final\hibernate-commons-annotations-7.0.3.Final.jar;C:\Users\joaoa\.m2\repository\io\smallrye\jandex\3.2.0\jandex-3.2.0.jar;C:\Users\joaoa\.m2\repository\com\fasterxml\classmate\1.7.0\classmate-1.7.0.jar;C:\Users\joaoa\.m2\repository\net\bytebuddy\byte-buddy\1.15.11\byte-buddy-1.15.11.jar;C:\Users\joaoa\.m2\repository\jakarta\inject\jakarta.inject-api\2.0.1\jakarta.inject-api-2.0.1.jar;C:\Users\joaoa\.m2\repository\org\antlr\antlr4-runtime\4.13.0\antlr4-runtime-4.13.0.jar;C:\Users\joaoa\.m2\repository\org\springframework\data\spring-data-jpa\3.4.1\spring-data-jpa-3.4.1.jar;C:\Users\joaoa\.m2\repository\org\springframework\data\spring-data-commons\3.4.1\spring-data-commons-3.4.1.jar;C:\Users\joaoa\.m2\repository\org\springframework\spring-orm\6.2.1\spring-orm-6.2.1.jar;C:\Users\joaoa\.m2\repository\org\springframework\spring-tx\6.2.1\spring-tx-6.2.1.jar;C:\Users\joaoa\.m2\repository\org\springframework\spring-aspects\6.2.1\spring-aspects-6.2.1.jar;C:\Users\joaoa\.m2\repository\org\aspectj\aspectjweaver\1.9.22.1\aspectjweaver-1.9.22.1.jar;C:\Users\joaoa\.m2\repository\org\springframework\boot\spring-boot-starter-security\3.4.1\spring-boot-starter-security-3.4.1.jar;C:\Users\joaoa\.m2\repository\org\springframework\spring-aop\6.2.1\spring-aop-6.2.1.jar;C:\Users\joaoa\.m2\repository\org\springframework\security\spring-security-config\6.4.2\spring-security-config-6.4.2.jar;C:\Users\joaoa\.m2\repository\org\springframework\security\spring-security-core\6.4.2\spring-security-core-6.4.2.jar;C:\Users\joaoa\.m2\repository\org\springframework\security\spring-security-crypto\6.4.2\spring-security-crypto-6.4.2.jar;C:\Users\joaoa\.m2\repository\org\springframework\security\spring-security-web\6.4.2\spring-security-web-6.4.2.jar;C:\Users\joaoa\.m2\repository\com\auth0\java-jwt\4.4.0\java-jwt-4.4.0.jar;C:\Users\joaoa\.m2\repository\com\fasterxml\jackson\core\jackson-databind\2.18.2\jackson-databind-2.18.2.jar;C:\Users\joaoa\.m2\repository\org\springframework\hateoas\spring-hateoas\2.4.1\spring-hateoas-2.4.1.jar;C:\Users\joaoa\.m2\repository\org\springframework\spring-beans\6.2.1\spring-beans-6.2.1.jar;C:\Users\joaoa\.m2\repository\org\springframework\spring-context\6.2.1\spring-context-6.2.1.jar;C:\Users\joaoa\.m2\repository\org\springframework\spring-core\6.2.1\spring-core-6.2.1.jar;C:\Users\joaoa\.m2\repository\org\springframework\spring-jcl\6.2.1\spring-jcl-6.2.1.jar;C:\Users\joaoa\.m2\repository\org\springframework\plugin\spring-plugin-core\3.0.0\spring-plugin-core-3.0.0.jar;C:\Users\joaoa\.m2\repository\com\jayway\jsonpath\json-path\2.9.0\json-path-2.9.0.jar;C:\Users\joaoa\.m2\repository\org\slf4j\slf4j-api\2.0.16\slf4j-api-2.0.16.jar;C:\Users\joaoa\.m2\repository\org\springdoc\springdoc-openapi-starter-webmvc-ui\2.7.0\springdoc-openapi-starter-webmvc-ui-2.7.0.jar;C:\Users\joaoa\.m2\repository\org\springdoc\springdoc-openapi-starter-webmvc-api\2.7.0\springdoc-openapi-starter-webmvc-api-2.7.0.jar;C:\Users\joaoa\.m2\repository\org\springdoc\springdoc-openapi-starter-common\2.7.0\springdoc-openapi-starter-common-2.7.0.jar;C:\Users\joaoa\.m2\repository\io\swagger\core\v3\swagger-core-jakarta\2.2.25\swagger-core-jakarta-2.2.25.jar;C:\Users\joaoa\.m2\repository\io\swagger\core\v3\swagger-annotations-jakarta\2.2.25\swagger-annotations-jakarta-2.2.25.jar;C:\Users\joaoa\.m2\repository\io\swagger\core\v3\swagger-models-jakarta\2.2.25\swagger-models-jakarta-2.2.25.jar;C:\Users\joaoa\.m2\repository\jakarta\validation\jakarta.validation-api\3.0.2\jakarta.validation-api-3.0.2.jar;C:\Users\joaoa\.m2\repository\org\webjars\swagger-ui\5.18.2\swagger-ui-5.18.2.jar;C:\Users\joaoa\.m2\repository\org\webjars\webjars-locator-lite\1.0.1\webjars-locator-lite-1.0.1.jar;C:\Users\joaoa\.m2\repository\org\jspecify\jspecify\1.0.0\jspecify-1.0.0.jar;C:\Users\joaoa\.m2\repository\com\fasterxml\jackson\dataformat\jackson-dataformat-xml\2.18.2\jackson-dataformat-xml-2.18.2.jar;C:\Users\joaoa\.m2\repository\com\fasterxml\jackson\core\jackson-core\2.18.2\jackson-core-2.18.2.jar;C:\Users\joaoa\.m2\repository\com\fasterxml\jackson\core\jackson-annotations\2.18.2\jackson-annotations-2.18.2.jar;C:\Users\joaoa\.m2\repository\org\codehaus\woodstox\stax2-api\4.2.2\stax2-api-4.2.2.jar;C:\Users\joaoa\.m2\repository\com\fasterxml\woodstox\woodstox-core\7.0.0\woodstox-core-7.0.0.jar;C:\Users\joaoa\.m2\repository\com\fasterxml\jackson\dataformat\jackson-dataformat-yaml\2.18.2\jackson-dataformat-yaml-2.18.2.jar;C:\Users\joaoa\.m2\repository\org\yaml\snakeyaml\2.3\snakeyaml-2.3.jar;C:\Users\joaoa\.m2\repository\org\apache\commons\commons-csv\1.12.0\commons-csv-1.12.0.jar;C:\Users\joaoa\.m2\repository\commons-io\commons-io\2.17.0\commons-io-2.17.0.jar;C:\Users\joaoa\.m2\repository\commons-codec\commons-codec\1.17.1\commons-codec-1.17.1.jar;C:\Users\joaoa\.m2\repository\org\apache\poi\poi-ooxml\5.3.0\poi-ooxml-5.3.0.jar;C:\Users\joaoa\.m2\repository\org\apache\poi\poi\5.3.0\poi-5.3.0.jar;C:\Users\joaoa\.m2\repository\org\apache\commons\commons-math3\3.6.1\commons-math3-3.6.1.jar;C:\Users\joaoa\.m2\repository\com\zaxxer\SparseBitSet\1.3\SparseBitSet-1.3.jar;C:\Users\joaoa\.m2\repository\org\apache\poi\poi-ooxml-lite\5.3.0\poi-ooxml-lite-5.3.0.jar;C:\Users\joaoa\.m2\repository\org\apache\xmlbeans\xmlbeans\5.2.1\xmlbeans-5.2.1.jar;C:\Users\joaoa\.m2\repository\org\apache\commons\commons-compress\1.26.2\commons-compress-1.26.2.jar;C:\Users\joaoa\.m2\repository\com\github\virtuald\curvesapi\1.08\curvesapi-1.08.jar;C:\Users\joaoa\.m2\repository\org\apache\logging\log4j\log4j-api\2.24.3\log4j-api-2.24.3.jar;C:\Users\joaoa\.m2\repository\org\apache\commons\commons-collections4\4.4\commons-collections4-4.4.jar;C:\Users\joaoa\.m2\repository\net\sf\jasperreports\jasperreports\7.0.1\jasperreports-7.0.1.jar;C:\Users\joaoa\.m2\repository\commons-logging\commons-logging\1.3.0\commons-logging-1.3.0.jar;C:\Users\joaoa\.m2\repository\org\apache\xmlgraphics\batik-anim\1.17\batik-anim-1.17.jar;C:\Users\joaoa\.m2\repository\org\apache\xmlgraphics\batik-ext\1.17\batik-ext-1.17.jar;C:\Users\joaoa\.m2\repository\org\apache\xmlgraphics\batik-parser\1.17\batik-parser-1.17.jar;C:\Users\joaoa\.m2\repository\org\apache\xmlgraphics\batik-shared-resources\1.17\batik-shared-resources-1.17.jar;C:\Users\joaoa\.m2\repository\org\apache\xmlgraphics\batik-bridge\1.17\batik-bridge-1.17.jar;C:\Users\joaoa\.m2\repository\org\apache\xmlgraphics\batik-script\1.17\batik-script-1.17.jar;C:\Users\joaoa\.m2\repository\org\apache\xmlgraphics\batik-xml\1.17\batik-xml-1.17.jar;C:\Users\joaoa\.m2\repository\org\apache\xmlgraphics\xmlgraphics-commons\2.9\xmlgraphics-commons-2.9.jar;C:\Users\joaoa\.m2\repository\org\apache\xmlgraphics\batik-dom\1.17\batik-dom-1.17.jar;C:\Users\joaoa\.m2\repository\org\apache\xmlgraphics\batik-svg-dom\1.17\batik-svg-dom-1.17.jar;C:\Users\joaoa\.m2\repository\org\apache\xmlgraphics\batik-awt-util\1.17\batik-awt-util-1.17.jar;C:\Users\joaoa\.m2\repository\org\apache\xmlgraphics\batik-gvt\1.17\batik-gvt-1.17.jar;C:\Users\joaoa\.m2\repository\org\apache\xmlgraphics\batik-util\1.17\batik-util-1.17.jar;C:\Users\joaoa\.m2\repository\org\apache\xmlgraphics\batik-i18n\1.17\batik-i18n-1.17.jar;C:\Users\joaoa\.m2\repository\org\apache\xmlgraphics\batik-constants\1.17\batik-constants-1.17.jar;C:\Users\joaoa\.m2\repository\org\apache\xmlgraphics\batik-css\1.17\batik-css-1.17.jar;C:\Users\joaoa\.m2\repository\xml-apis\xml-apis-ext\1.3.04\xml-apis-ext-1.3.04.jar;C:\Users\joaoa\.m2\repository\commons-beanutils\commons-beanutils\1.9.4\commons-beanutils-1.9.4.jar;C:\Users\joaoa\.m2\repository\commons-collections\commons-collections\3.2.2\commons-collections-3.2.2.jar;C:\Users\joaoa\.m2\repository\net\sf\jasperreports\jasperreports-fonts\7.0.1\jasperreports-fonts-7.0.1.jar;C:\Users\joaoa\.m2\repository\net\sf\jasperreports\jasperreports-pdf\7.0.1\jasperreports-pdf-7.0.1.jar;C:\Users\joaoa\.m2\repository\com\github\librepdf\openpdf\1.3.32\openpdf-1.3.32.jar;C:\Users\joaoa\.m2\repository\com\adobe\xmp\xmpcore\6.1.11\xmpcore-6.1.11.jar;C:\Users\joaoa\.m2\repository\com\google\zxing\core\3.5.3\core-3.5.3.jar;C:\Users\joaoa\.m2\repository\com\google\zxing\javase\3.5.3\javase-3.5.3.jar;C:\Users\joaoa\.m2\repository\com\beust\jcommander\1.82\jcommander-1.82.jar;C:\Users\joaoa\.m2\repository\com\github\jai-imageio\jai-imageio-core\1.4.0\jai-imageio-core-1.4.0.jar;C:\Users\joaoa\.m2\repository\com\mysql\mysql-connector-j\9.1.0\mysql-connector-j-9.1.0.jar;C:\Users\joaoa\.m2\repository\org\flywaydb\flyway-core\10.20.1\flyway-core-10.20.1.jar;C:\Users\joaoa\.m2\repository\com\fasterxml\jackson\dataformat\jackson-dataformat-toml\2.18.2\jackson-dataformat-toml-2.18.2.jar;C:\Users\joaoa\.m2\repository\com\fasterxml\jackson\datatype\jackson-datatype-jsr310\2.18.2\jackson-datatype-jsr310-2.18.2.jar;C:\Users\joaoa\.m2\repository\org\flywaydb\flyway-mysql\10.20.1\flyway-mysql-10.20.1.jar;C:\Users\joaoa\.m2\repository\com\github\dozermapper\dozer-core\7.0.0\dozer-core-7.0.0.jar;C:\Users\joaoa\.m2\repository\org\apache\commons\commons-lang3\3.17.0\commons-lang3-3.17.0.jar;C:\Users\joaoa\.m2\repository\jakarta\xml\bind\jakarta.xml.bind-api\4.0.2\jakarta.xml.bind-api-4.0.2.jar;C:\Users\joaoa\.m2\repository\org\glassfish\jaxb\jaxb-runtime\4.0.5\jaxb-runtime-4.0.5.jar;C:\Users\joaoa\.m2\repository\org\glassfish\jaxb\jaxb-core\4.0.5\jaxb-core-4.0.5.jar;C:\Users\joaoa\.m2\repository\org\glassfish\jaxb\txw2\4.0.5\txw2-4.0.5.jar;C:\Users\joaoa\.m2\repository\com\sun\istack\istack-commons-runtime\4.1.2\istack-commons-runtime-4.1.2.jar;C:\Users\joaoa\.m2\repository\org\glassfish\jaxb\jaxb-xjc\4.0.5\jaxb-xjc-4.0.5.jar;C:\Users\joaoa\.m2\repository\org\glassfish\jaxb\xsom\4.0.5\xsom-4.0.5.jar;C:\Users\joaoa\.m2\repository\com\sun\xml\bind\external\relaxng-datatype\4.0.5\relaxng-datatype-4.0.5.jar;C:\Users\joaoa\.m2\repository\org\glassfish\jaxb\codemodel\4.0.5\codemodel-4.0.5.jar;C:\Users\joaoa\.m2\repository\com\sun\xml\bind\external\rngom\4.0.5\rngom-4.0.5.jar;C:\Users\joaoa\.m2\repository\com\sun\xml\dtd-parser\dtd-parser\1.5.1\dtd-parser-1.5.1.jar;C:\Users\joaoa\.m2\repository\com\sun\istack\istack-commons-tools\4.1.2\istack-commons-tools-4.1.2.jar;C:\Users\joaoa\.m2\repository\org\slf4j\jcl-over-slf4j\2.0.16\jcl-over-slf4j-2.0.16.jar;C:\Users\joaoa\.m2\repository\org\objenesis\objenesis\3.3\objenesis-3.3.jar;C:\Users\joaoa\.m2\repository\org\springframework\boot\spring-boot-starter-test\3.4.1\spring-boot-starter-test-3.4.1.jar;C:\Users\joaoa\.m2\repository\org\springframework\boot\spring-boot-test\3.4.1\spring-boot-test-3.4.1.jar;C:\Users\joaoa\.m2\repository\org\springframework\boot\spring-boot-test-autoconfigure\3.4.1\spring-boot-test-autoconfigure-3.4.1.jar;C:\Users\joaoa\.m2\repository\net\minidev\json-smart\2.5.1\json-smart-2.5.1.jar;C:\Users\joaoa\.m2\repository\net\minidev\accessors-smart\2.5.1\accessors-smart-2.5.1.jar;C:\Users\joaoa\.m2\repository\org\ow2\asm\asm\9.6\asm-9.6.jar;C:\Users\joaoa\.m2\repository\org\assertj\assertj-core\3.26.3\assertj-core-3.26.3.jar;C:\Users\joaoa\.m2\repository\org\awaitility\awaitility\4.2.2\awaitility-4.2.2.jar;C:\Users\joaoa\.m2\repository\org\hamcrest\hamcrest\2.2\hamcrest-2.2.jar;C:\Users\joaoa\.m2\repository\org\junit\jupiter\junit-jupiter\5.11.4\junit-jupiter-5.11.4.jar;C:\Users\joaoa\.m2\repository\org\junit\jupiter\junit-jupiter-api\5.11.4\junit-jupiter-api-5.11.4.jar;C:\Users\joaoa\.m2\repository\org\opentest4j\opentest4j\1.3.0\opentest4j-1.3.0.jar;C:\Users\joaoa\.m2\repository\org\junit\platform\junit-platform-commons\1.11.4\junit-platform-commons-1.11.4.jar;C:\Users\joaoa\.m2\repository\org\apiguardian\apiguardian-api\1.1.2\apiguardian-api-1.1.2.jar;C:\Users\joaoa\.m2\repository\org\junit\jupiter\junit-jupiter-params\5.11.4\junit-jupiter-params-5.11.4.jar;C:\Users\joaoa\.m2\repository\org\junit\jupiter\junit-jupiter-engine\5.11.4\junit-jupiter-engine-5.11.4.jar;C:\Users\joaoa\.m2\repository\org\junit\platform\junit-platform-engine\1.11.4\junit-platform-engine-1.11.4.jar;C:\Users\joaoa\.m2\repository\org\mockito\mockito-core\5.14.2\mockito-core-5.14.2.jar;C:\Users\joaoa\.m2\repository\net\bytebuddy\byte-buddy-agent\1.15.11\byte-buddy-agent-1.15.11.jar;C:\Users\joaoa\.m2\repository\org\mockito\mockito-junit-jupiter\5.14.2\mockito-junit-jupiter-5.14.2.jar;C:\Users\joaoa\.m2\repository\org\skyscreamer\jsonassert\1.5.3\jsonassert-1.5.3.jar;C:\Users\joaoa\.m2\repository\com\vaadin\external\google\android-json\0.0.20131108.vaadin1\android-json-0.0.20131108.vaadin1.jar;C:\Users\joaoa\.m2\repository\org\springframework\spring-test\6.2.1\spring-test-6.2.1.jar;C:\Users\joaoa\.m2\repository\org\xmlunit\xmlunit-core\2.10.0\xmlunit-core-2.10.0.jar;C:\Users\joaoa\.m2\repository\org\testcontainers\mysql\1.20.4\mysql-1.20.4.jar;C:\Users\joaoa\.m2\repository\org\testcontainers\jdbc\1.20.4\jdbc-1.20.4.jar;C:\Users\joaoa\.m2\repository\org\testcontainers\database-commons\1.20.4\database-commons-1.20.4.jar;C:\Users\joaoa\.m2\repository\org\testcontainers\testcontainers\1.20.4\testcontainers-1.20.4.jar;C:\Users\joaoa\.m2\repository\junit\junit\4.13.2\junit-4.13.2.jar;C:\Users\joaoa\.m2\repository\org\hamcrest\hamcrest-core\2.2\hamcrest-core-2.2.jar;C:\Users\joaoa\.m2\repository\org\rnorth\duct-tape\duct-tape\1.0.8\duct-tape-1.0.8.jar;C:\Users\joaoa\.m2\repository\org\jetbrains\annotations\17.0.0\annotations-17.0.0.jar;C:\Users\joaoa\.m2\repository\com\github\docker-java\docker-java-api\3.4.0\docker-java-api-3.4.0.jar;C:\Users\joaoa\.m2\repository\com\github\docker-java\docker-java-transport-zerodep\3.4.0\docker-java-transport-zerodep-3.4.0.jar;C:\Users\joaoa\.m2\repository\com\github\docker-java\docker-java-transport\3.4.0\docker-java-transport-3.4.0.jar;C:\Users\joaoa\.m2\repository\net\java\dev\jna\jna\5.13.0\jna-5.13.0.jar;C:\Users\joaoa\.m2\repository\io\rest-assured\rest-assured\5.5.0\rest-assured-5.5.0.jar;C:\Users\joaoa\.m2\repository\org\apache\groovy\groovy\4.0.24\groovy-4.0.24.jar;C:\Users\joaoa\.m2\repository\org\apache\groovy\groovy-xml\4.0.24\groovy-xml-4.0.24.jar;C:\Users\joaoa\.m2\repository\org\apache\httpcomponents\httpclient\4.5.13\httpclient-4.5.13.jar;C:\Users\joaoa\.m2\repository\org\apache\httpcomponents\httpcore\4.4.16\httpcore-4.4.16.jar;C:\Users\joaoa\.m2\repository\org\apache\httpcomponents\httpmime\4.5.13\httpmime-4.5.13.jar;C:\Users\joaoa\.m2\repository\org\ccil\cowan\tagsoup\tagsoup\1.2.1\tagsoup-1.2.1.jar;C:\Users\joaoa\.m2\repository\io\rest-assured\json-path\5.5.0\json-path-5.5.0.jar;C:\Users\joaoa\.m2\repository\org\apache\groovy\groovy-json\4.0.24\groovy-json-4.0.24.jar;C:\Users\joaoa\.m2\repository\io\rest-assured\rest-assured-common\5.5.0\rest-assured-common-5.5.0.jar;C:\Users\joaoa\.m2\repository\io\rest-assured\xml-path\5.5.0\xml-path-5.5.0.jar;C:\Users\joaoa\.m2\repository\org\springframework\boot\spring-boot-devtools\3.4.1\spring-boot-devtools-3.4.1.jar;C:\Users\joaoa\.m2\repository\org\springframework\boot\spring-boot\3.4.1\spring-boot-3.4.1.jar;C:\Users\joaoa\.m2\repository\org\springframework\boot\spring-boot-autoconfigure\3.4.1\spring-boot-autoconfigure-3.4.1.jar;"/>
    <property name="java.vm.vendor" value="Oracle Corporation"/>
    <property name="sun.arch.data.model" value="64"/>
    <property name="user.variant" value=""/>
    <property name="catalina.useNaming" value="false"/>
    <property name="java.vendor.url" value="https://java.oracle.com/"/>
    <property name="user.timezone" value="America/Sao_Paulo"/>
    <property name="org.jboss.logging.provider" value="slf4j"/>
    <property name="os.name" value="Windows 11"/>
    <property name="java.vm.specification.version" value="25"/>
    <property name="APPLICATION_NAME" value="rest-with-spring-boot-and-java-erudio"/>
    <property name="sun.java.launcher" value="SUN_STANDARD"/>
    <property name="user.country" value="BR"/>
    <property name="sun.boot.library.path" value="C:\Program Files\Java\jdk-25\bin"/>
    <property name="sun.java.command" value="C:\Users\joaoa\AppData\Local\Temp\surefire14748184221175860577\surefirebooter-20251015142849606_3.jar C:\Users\joaoa\AppData\Local\Temp\surefire14748184221175860577 2025-10-15T14-28-49_423-jvmRun1 surefire-20251015142849606_1tmp surefire_0-20251015142849606_2tmp"/>
    <property name="jdk.debug" value="release"/>
    <property name="test" value="*YamlTest"/>
    <property name="surefire.test.class.path" value="C:\Users\joaoa\OneDrive\Área de Trabalho\projetoJMJ\Back_End\ProjetoJMJ_SpringBoot\target\test-classes;C:\Users\joaoa\OneDrive\Área de Trabalho\projetoJMJ\Back_End\ProjetoJMJ_SpringBoot\target\classes;C:\Users\joaoa\.m2\repository\org\springframework\boot\spring-boot-starter-web\3.4.1\spring-boot-starter-web-3.4.1.jar;C:\Users\joaoa\.m2\repository\org\springframework\boot\spring-boot-starter\3.4.1\spring-boot-starter-3.4.1.jar;C:\Users\joaoa\.m2\repository\org\springframework\boot\spring-boot-starter-logging\3.4.1\spring-boot-starter-logging-3.4.1.jar;C:\Users\joaoa\.m2\repository\ch\qos\logback\logback-classic\1.5.12\logback-classic-1.5.12.jar;C:\Users\joaoa\.m2\repository\ch\qos\logback\logback-core\1.5.12\logback-core-1.5.12.jar;C:\Users\joaoa\.m2\repository\org\apache\logging\log4j\log4j-to-slf4j\2.24.3\log4j-to-slf4j-2.24.3.jar;C:\Users\joaoa\.m2\repository\org\slf4j\jul-to-slf4j\2.0.16\jul-to-slf4j-2.0.16.jar;C:\Users\joaoa\.m2\repository\jakarta\annotation\jakarta.annotation-api\2.1.1\jakarta.annotation-api-2.1.1.jar;C:\Users\joaoa\.m2\repository\org\springframework\boot\spring-boot-starter-json\3.4.1\spring-boot-starter-json-3.4.1.jar;C:\Users\joaoa\.m2\repository\com\fasterxml\jackson\datatype\jackson-datatype-jdk8\2.18.2\jackson-datatype-jdk8-2.18.2.jar;C:\Users\joaoa\.m2\repository\com\fasterxml\jackson\module\jackson-module-parameter-names\2.18.2\jackson-module-parameter-names-2.18.2.jar;C:\Users\joaoa\.m2\repository\org\springframework\boot\spring-boot-starter-tomcat\3.4.1\spring-boot-starter-tomcat-3.4.1.jar;C:\Users\joaoa\.m2\repository\org\apache\tomcat\embed\tomcat-embed-core\10.1.34\tomcat-embed-core-10.1.34.jar;C:\Users\joaoa\.m2\repository\org\apache\tomcat\embed\tomcat-embed-el\10.1.34\tomcat-embed-el-10.1.34.jar;C:\Users\joaoa\.m2\repository\org\apache\tomcat\embed\tomcat-embed-websocket\10.1.34\tomcat-embed-websocket-10.1.34.jar;C:\Users\joaoa\.m2\repository\org\springframework\spring-web\6.2.1\spring-web-6.2.1.jar;C:\Users\joaoa\.m2\repository\io\micrometer\micrometer-observation\1.14.2\micrometer-observation-1.14.2.jar;C:\Users\joaoa\.m2\repository\io\micrometer\micrometer-commons\1.14.2\micrometer-commons-1.14.2.jar;C:\Users\joaoa\.m2\repository\org\springframework\spring-webmvc\6.2.1\spring-webmvc-6.2.1.jar;C:\Users\joaoa\.m2\repository\org\springframework\spring-expression\6.2.1\spring-expression-6.2.1.jar;C:\Users\joaoa\.m2\repository\org\springframework\boot\spring-boot-starter-mail\3.4.1\spring-boot-starter-mail-3.4.1.jar;C:\Users\joaoa\.m2\repository\org\springframework\spring-context-support\6.2.1\spring-context-support-6.2.1.jar;C:\Users\joaoa\.m2\repository\org\eclipse\angus\jakarta.mail\2.0.3\jakarta.mail-2.0.3.jar;C:\Users\joaoa\.m2\repository\jakarta\activation\jakarta.activation-api\2.1.3\jakarta.activation-api-2.1.3.jar;C:\Users\joaoa\.m2\repository\org\eclipse\angus\angus-activation\2.0.2\angus-activation-2.0.2.jar;C:\Users\joaoa\.m2\repository\org\springframework\boot\spring-boot-starter-data-jpa\3.4.1\spring-boot-starter-data-jpa-3.4.1.jar;C:\Users\joaoa\.m2\repository\org\springframework\boot\spring-boot-starter-jdbc\3.4.1\spring-boot-starter-jdbc-3.4.1.jar;C:\Users\joaoa\.m2\repository\com\zaxxer\HikariCP\5.1.0\HikariCP-5.1.0.jar;C:\Users\joaoa\.m2\repository\org\springframework\spring-jdbc\6.2.1\spring-jdbc-6.2.1.jar;C:\Users\joaoa\.m2\repository\org\hibernate\orm\hibernate-core\6.6.4.Final\hibernate-core-6.6.4.Final.jar;C:\Users\joaoa\.m2\repository\jakarta\persistence\jakarta.persistence-api\3.1.0\jakarta.persistence-api-3.1.0.jar;C:\Users\joaoa\.m2\repository\jakarta\transaction\jakarta.transaction-api\2.0.1\jakarta.transaction-api-2.0.1.jar;C:\Users\joaoa\.m2\repository\org\jboss\logging\jboss-logging\3.6.1.Final\jboss-logging-3.6.1.Final.jar;C:\Users\joaoa\.m2\repository\org\hibernate\common\hibernate-commons-annotations\7.0.3.Final\hibernate-commons-annotations-7.0.3.Final.jar;C:\Users\joaoa\.m2\repository\io\smallrye\jandex\3.2.0\jandex-3.2.0.jar;C:\Users\joaoa\.m2\repository\com\fasterxml\classmate\1.7.0\classmate-1.7.0.jar;C:\Users\joaoa\.m2\repository\net\bytebuddy\byte-buddy\1.15.11\byte-buddy-1.15.11.jar;C:\Users\joaoa\.m2\repository\jakarta\inject\jakarta.inject-api\2.0.1\jakarta.inject-api-2.0.1.jar;C:\Users\joaoa\.m2\repository\org\antlr\antlr4-runtime\4.13.0\antlr4-runtime-4.13.0.jar;C:\Users\joaoa\.m2\repository\org\springframework\data\spring-data-jpa\3.4.1\spring-data-jpa-3.4.1.jar;C:\Users\joaoa\.m2\repository\org\springframework\data\spring-data-commons\3.4.1\spring-data-commons-3.4.1.jar;C:\Users\joaoa\.m2\repository\org\springframework\spring-orm\6.2.1\spring-orm-6.2.1.jar;C:\Users\joaoa\.m2\repository\org\springframework\spring-tx\6.2.1\spring-tx-6.2.1.jar;C:\Users\joaoa\.m2\repository\org\springframework\spring-aspects\6.2.1\spring-aspects-6.2.1.jar;C:\Users\joaoa\.m2\repository\org\aspectj\aspectjweaver\1.9.22.1\aspectjweaver-1.9.22.1.jar;C:\Users\joaoa\.m2\repository\org\springframework\boot\spring-boot-starter-security\3.4.1\spring-boot-starter-security-3.4.1.jar;C:\Users\joaoa\.m2\repository\org\springframework\spring-aop\6.2.1\spring-aop-6.2.1.jar;C:\Users\joaoa\.m2\repository\org\springframework\security\spring-security-config\6.4.2\spring-security-config-6.4.2.jar;C:\Users\joaoa\.m2\repository\org\springframework\security\spring-security-core\6.4.2\spring-security-core-6.4.2.jar;C:\Users\joaoa\.m2\repository\org\springframework\security\spring-security-crypto\6.4.2\spring-security-crypto-6.4.2.jar;C:\Users\joaoa\.m2\repository\org\springframework\security\spring-security-web\6.4.2\spring-security-web-6.4.2.jar;C:\Users\joaoa\.m2\repository\com\auth0\java-jwt\4.4.0\java-jwt-4.4.0.jar;C:\Users\joaoa\.m2\repository\com\fasterxml\jackson\core\jackson-databind\2.18.2\jackson-databind-2.18.2.jar;C:\Users\joaoa\.m2\repository\org\springframework\hateoas\spring-hateoas\2.4.1\spring-hateoas-2.4.1.jar;C:\Users\joaoa\.m2\repository\org\springframework\spring-beans\6.2.1\spring-beans-6.2.1.jar;C:\Users\joaoa\.m2\repository\org\springframework\spring-context\6.2.1\spring-context-6.2.1.jar;C:\Users\joaoa\.m2\repository\org\springframework\spring-core\6.2.1\spring-core-6.2.1.jar;C:\Users\joaoa\.m2\repository\org\springframework\spring-jcl\6.2.1\spring-jcl-6.2.1.jar;C:\Users\joaoa\.m2\repository\org\springframework\plugin\spring-plugin-core\3.0.0\spring-plugin-core-3.0.0.jar;C:\Users\joaoa\.m2\repository\com\jayway\jsonpath\json-path\2.9.0\json-path-2.9.0.jar;C:\Users\joaoa\.m2\repository\org\slf4j\slf4j-api\2.0.16\slf4j-api-2.0.16.jar;C:\Users\joaoa\.m2\repository\org\springdoc\springdoc-openapi-starter-webmvc-ui\2.7.0\springdoc-openapi-starter-webmvc-ui-2.7.0.jar;C:\Users\joaoa\.m2\repository\org\springdoc\springdoc-openapi-starter-webmvc-api\2.7.0\springdoc-openapi-starter-webmvc-api-2.7.0.jar;C:\Users\joaoa\.m2\repository\org\springdoc\springdoc-openapi-starter-common\2.7.0\springdoc-openapi-starter-common-2.7.0.jar;C:\Users\joaoa\.m2\repository\io\swagger\core\v3\swagger-core-jakarta\2.2.25\swagger-core-jakarta-2.2.25.jar;C:\Users\joaoa\.m2\repository\io\swagger\core\v3\swagger-annotations-jakarta\2.2.25\swagger-annotations-jakarta-2.2.25.jar;C:\Users\joaoa\.m2\repository\io\swagger\core\v3\swagger-models-jakarta\2.2.25\swagger-models-jakarta-2.2.25.jar;C:\Users\joaoa\.m2\repository\jakarta\validation\jakarta.validation-api\3.0.2\jakarta.validation-api-3.0.2.jar;C:\Users\joaoa\.m2\repository\org\webjars\swagger-ui\5.18.2\swagger-ui-5.18.2.jar;C:\Users\joaoa\.m2\repository\org\webjars\webjars-locator-lite\1.0.1\webjars-locator-lite-1.0.1.jar;C:\Users\joaoa\.m2\repository\org\jspecify\jspecify\1.0.0\jspecify-1.0.0.jar;C:\Users\joaoa\.m2\repository\com\fasterxml\jackson\dataformat\jackson-dataformat-xml\2.18.2\jackson-dataformat-xml-2.18.2.jar;C:\Users\joaoa\.m2\repository\com\fasterxml\jackson\core\jackson-core\2.18.2\jackson-core-2.18.2.jar;C:\Users\joaoa\.m2\repository\com\fasterxml\jackson\core\jackson-annotations\2.18.2\jackson-annotations-2.18.2.jar;C:\Users\joaoa\.m2\repository\org\codehaus\woodstox\stax2-api\4.2.2\stax2-api-4.2.2.jar;C:\Users\joaoa\.m2\repository\com\fasterxml\woodstox\woodstox-core\7.0.0\woodstox-core-7.0.0.jar;C:\Users\joaoa\.m2\repository\com\fasterxml\jackson\dataformat\jackson-dataformat-yaml\2.18.2\jackson-dataformat-yaml-2.18.2.jar;C:\Users\joaoa\.m2\repository\org\yaml\snakeyaml\2.3\snakeyaml-2.3.jar;C:\Users\joaoa\.m2\repository\org\apache\commons\commons-csv\1.12.0\commons-csv-1.12.0.jar;C:\Users\joaoa\.m2\repository\commons-io\commons-io\2.17.0\commons-io-2.17.0.jar;C:\Users\joaoa\.m2\repository\commons-codec\commons-codec\1.17.1\commons-codec-1.17.1.jar;C:\Users\joaoa\.m2\repository\org\apache\poi\poi-ooxml\5.3.0\poi-ooxml-5.3.0.jar;C:\Users\joaoa\.m2\repository\org\apache\poi\poi\5.3.0\poi-5.3.0.jar;C:\Users\joaoa\.m2\repository\org\apache\commons\commons-math3\3.6.1\commons-math3-3.6.1.jar;C:\Users\joaoa\.m2\repository\com\zaxxer\SparseBitSet\1.3\SparseBitSet-1.3.jar;C:\Users\joaoa\.m2\repository\org\apache\poi\poi-ooxml-lite\5.3.0\poi-ooxml-lite-5.3.0.jar;C:\Users\joaoa\.m2\repository\org\apache\xmlbeans\xmlbeans\5.2.1\xmlbeans-5.2.1.jar;C:\Users\joaoa\.m2\repository\org\apache\commons\commons-compress\1.26.2\commons-compress-1.26.2.jar;C:\Users\joaoa\.m2\repository\com\github\virtuald\curvesapi\1.08\curvesapi-1.08.jar;C:\Users\joaoa\.m2\repository\org\apache\logging\log4j\log4j-api\2.24.3\log4j-api-2.24.3.jar;C:\Users\joaoa\.m2\repository\org\apache\commons\commons-collections4\4.4\commons-collections4-4.4.jar;C:\Users\joaoa\.m2\repository\net\sf\jasperreports\jasperreports\7.0.1\jasperreports-7.0.1.jar;C:\Users\joaoa\.m2\repository\commons-logging\commons-logging\1.3.0\commons-logging-1.3.0.jar;C:\Users\joaoa\.m2\repository\org\apache\xmlgraphics\batik-anim\1.17\batik-anim-1.17.jar;C:\Users\joaoa\.m2\repository\org\apache\xmlgraphics\batik-ext\1.17\batik-ext-1.17.jar;C:\Users\joaoa\.m2\repository\org\apache\xmlgraphics\batik-parser\1.17\batik-parser-1.17.jar;C:\Users\joaoa\.m2\repository\org\apache\xmlgraphics\batik-shared-resources\1.17\batik-shared-resources-1.17.jar;C:\Users\joaoa\.m2\repository\org\apache\xmlgraphics\batik-bridge\1.17\batik-bridge-1.17.jar;C:\Users\joaoa\.m2\repository\org\apache\xmlgraphics\batik-script\1.17\batik-script-1.17.jar;C:\Users\joaoa\.m2\repository\org\apache\xmlgraphics\batik-xml\1.17\batik-xml-1.17.jar;C:\Users\joaoa\.m2\repository\org\apache\xmlgraphics\xmlgraphics-commons\2.9\xmlgraphics-commons-2.9.jar;C:\Users\joaoa\.m2\repository\org\apache\xmlgraphics\batik-dom\1.17\batik-dom-1.17.jar;C:\Users\joaoa\.m2\repository\org\apache\xmlgraphics\batik-svg-dom\1.17\batik-svg-dom-1.17.jar;C:\Users\joaoa\.m2\repository\org\apache\xmlgraphics\batik-awt-util\1.17\batik-awt-util-1.17.jar;C:\Users\joaoa\.m2\repository\org\apache\xmlgraphics\batik-gvt\1.17\batik-gvt-1.17.jar;C:\Users\joaoa\.m2\repository\org\apache\xmlgraphics\batik-util\1.17\batik-util-1.17.jar;C:\Users\joaoa\.m2\repository\org\apache\xmlgraphics\batik-i18n\1.17\batik-i18n-1.17.jar;C:\Users\joaoa\.m2\repository\org\apache\xmlgraphics\batik-constants\1.17\batik-constants-1.17.jar;C:\Users\joaoa\.m2\repository\org\apache\xmlgraphics\batik-css\1.17\batik-css-1.17.jar;C:\Users\joaoa\.m2\repository\xml-apis\xml-apis-ext\1.3.04\xml-apis-ext-1.3.04.jar;C:\Users\joaoa\.m2\repository\commons-beanutils\commons-beanutils\1.9.4\commons-beanutils-1.9.4.jar;C:\Users\joaoa\.m2\repository\commons-collections\commons-collections\3.2.2\commons-collections-3.2.2.jar;C:\Users\joaoa\.m2\repository\net\sf\jasperreports\jasperreports-fonts\7.0.1\jasperreports-fonts-7.0.1.jar;C:\Users\joaoa\.m2\repository\net\sf\jasperreports\jasperreports-pdf\7.0.1\jasperreports-pdf-7.0.1.jar;C:\Users\joaoa\.m2\repository\com\github\librepdf\openpdf\1.3.32\openpdf-1.3.32.jar;C:\Users\joaoa\.m2\repository\com\adobe\xmp\xmpcore\6.1.11\xmpcore-6.1.11.jar;C:\Users\joaoa\.m2\repository\com\google\zxing\core\3.5.3\core-3.5.3.jar;C:\Users\joaoa\.m2\repository\com\google\zxing\javase\3.5.3\javase-3.5.3.jar;C:\Users\joaoa\.m2\repository\com\beust\jcommander\1.82\jcommander-1.82.jar;C:\Users\joaoa\.m2\repository\com\github\jai-imageio\jai-imageio-core\1.4.0\jai-imageio-core-1.4.0.jar;C:\Users\joaoa\.m2\repository\com\mysql\mysql-connector-j\9.1.0\mysql-connector-j-9.1.0.jar;C:\Users\joaoa\.m2\repository\org\flywaydb\flyway-core\10.20.1\flyway-core-10.20.1.jar;C:\Users\joaoa\.m2\repository\com\fasterxml\jackson\dataformat\jackson-dataformat-toml\2.18.2\jackson-dataformat-toml-2.18.2.jar;C:\Users\joaoa\.m2\repository\com\fasterxml\jackson\datatype\jackson-datatype-jsr310\2.18.2\jackson-datatype-jsr310-2.18.2.jar;C:\Users\joaoa\.m2\repository\org\flywaydb\flyway-mysql\10.20.1\flyway-mysql-10.20.1.jar;C:\Users\joaoa\.m2\repository\com\github\dozermapper\dozer-core\7.0.0\dozer-core-7.0.0.jar;C:\Users\joaoa\.m2\repository\org\apache\commons\commons-lang3\3.17.0\commons-lang3-3.17.0.jar;C:\Users\joaoa\.m2\repository\jakarta\xml\bind\jakarta.xml.bind-api\4.0.2\jakarta.xml.bind-api-4.0.2.jar;C:\Users\joaoa\.m2\repository\org\glassfish\jaxb\jaxb-runtime\4.0.5\jaxb-runtime-4.0.5.jar;C:\Users\joaoa\.m2\repository\org\glassfish\jaxb\jaxb-core\4.0.5\jaxb-core-4.0.5.jar;C:\Users\joaoa\.m2\repository\org\glassfish\jaxb\txw2\4.0.5\txw2-4.0.5.jar;C:\Users\joaoa\.m2\repository\com\sun\istack\istack-commons-runtime\4.1.2\istack-commons-runtime-4.1.2.jar;C:\Users\joaoa\.m2\repository\org\glassfish\jaxb\jaxb-xjc\4.0.5\jaxb-xjc-4.0.5.jar;C:\Users\joaoa\.m2\repository\org\glassfish\jaxb\xsom\4.0.5\xsom-4.0.5.jar;C:\Users\joaoa\.m2\repository\com\sun\xml\bind\external\relaxng-datatype\4.0.5\relaxng-datatype-4.0.5.jar;C:\Users\joaoa\.m2\repository\org\glassfish\jaxb\codemodel\4.0.5\codemodel-4.0.5.jar;C:\Users\joaoa\.m2\repository\com\sun\xml\bind\external\rngom\4.0.5\rngom-4.0.5.jar;C:\Users\joaoa\.m2\repository\com\sun\xml\dtd-parser\dtd-parser\1.5.1\dtd-parser-1.5.1.jar;C:\Users\joaoa\.m2\repository\com\sun\istack\istack-commons-tools\4.1.2\istack-commons-tools-4.1.2.jar;C:\Users\joaoa\.m2\repository\org\slf4j\jcl-over-slf4j\2.0.16\jcl-over-slf4j-2.0.16.jar;C:\Users\joaoa\.m2\repository\org\objenesis\objenesis\3.3\objenesis-3.3.jar;C:\Users\joaoa\.m2\repository\org\springframework\boot\spring-boot-starter-test\3.4.1\spring-boot-starter-test-3.4.1.jar;C:\Users\joaoa\.m2\repository\org\springframework\boot\spring-boot-test\3.4.1\spring-boot-test-3.4.1.jar;C:\Users\joaoa\.m2\repository\org\springframework\boot\spring-boot-test-autoconfigure\3.4.1\spring-boot-test-autoconfigure-3.4.1.jar;C:\Users\joaoa\.m2\repository\net\minidev\json-smart\2.5.1\json-smart-2.5.1.jar;C:\Users\joaoa\.m2\repository\net\minidev\accessors-smart\2.5.1\accessors-smart-2.5.1.jar;C:\Users\joaoa\.m2\repository\org\ow2\asm\asm\9.6\asm-9.6.jar;C:\Users\joaoa\.m2\repository\org\assertj\assertj-core\3.26.3\assertj-core-3.26.3.jar;C:\Users\joaoa\.m2\repository\org\awaitility\awaitility\4.2.2\awaitility-4.2.2.jar;C:\Users\joaoa\.m2\repository\org\hamcrest\hamcrest\2.2\hamcrest-2.2.jar;C:\Users\joaoa\.m2\repository\org\junit\jupiter\junit-jupiter\5.11.4\junit-jupiter-5.11.4.jar;C:\Users\joaoa\.m2\repository\org\junit\jupiter\junit-jupiter-api\5.11.4\junit-jupiter-api-5.11.4.jar;C:\Users\joaoa\.m2\repository\org\opentest4j\opentest4j\1.3.0\opentest4j-1.3.0.jar;C:\Users\joaoa\.m2\repository\org\junit\platform\junit-platform-commons\1.11.4\junit-platform-commons-1.11.4.jar;C:\Users\joaoa\.m2\repository\org\apiguardian\apiguardian-api\1.1.2\apiguardian-api-1.1.2.jar;C:\Users\joaoa\.m2\repository\org\junit\jupiter\junit-jupiter-params\5.11.4\junit-jupiter-params-5.11.4.jar;C:\Users\joaoa\.m2\repository\org\junit\jupiter\junit-jupiter-engine\5.11.4\junit-jupiter-engine-5.11.4.jar;C:\Users\joaoa\.m2\repository\org\junit\platform\junit-platform-engine\1.11.4\junit-platform-engine-1.11.4.jar;C:\Users\joaoa\.m2\repository\org\mockito\mockito-core\5.14.2\mockito-core-5.14.2.jar;C:\Users\joaoa\.m2\repository\net\bytebuddy\byte-buddy-agent\1.15.11\byte-buddy-agent-1.15.11.jar;C:\Users\joaoa\.m2\repository\org\mockito\mockito-junit-jupiter\5.14.2\mockito-junit-jupiter-5.14.2.jar;C:\Users\joaoa\.m2\repository\org\skyscreamer\jsonassert\1.5.3\jsonassert-1.5.3.jar;C:\Users\joaoa\.m2\repository\com\vaadin\external\google\android-json\0.0.20131108.vaadin1\android-json-0.0.20131108.vaadin1.jar;C:\Users\joaoa\.m2\repository\org\springframework\spring-test\6.2.1\spring-test-6.2.1.jar;C:\Users\joaoa\.m2\repository\org\xmlunit\xmlunit-core\2.10.0\xmlunit-core-2.10.0.jar;C:\Users\joaoa\.m2\repository\org\testcontainers\mysql\1.20.4\mysql-1.20.4.jar;C:\Users\joaoa\.m2\repository\org\testcontainers\jdbc\1.20.4\jdbc-1.20.4.jar;C:\Users\joaoa\.m2\repository\org\testcontainers\database-commons\1.20.4\database-commons-1.20.4.jar;C:\Users\joaoa\.m2\repository\org\testcontainers\testcontainers\1.20.4\testcontainers-1.20.4.jar;C:\Users\joaoa\.m2\repository\junit\junit\4.13.2\junit-4.13.2.jar;C:\Users\joaoa\.m2\repository\org\hamcrest\hamcrest-core\2.2\hamcrest-core-2.2.jar;C:\Users\joaoa\.m2\repository\org\rnorth\duct-tape\duct-tape\1.0.8\duct-tape-1.0.8.jar;C:\Users\joaoa\.m2\repository\org\jetbrains\annotations\17.0.0\annotations-17.0.0.jar;C:\Users\joaoa\.m2\repository\com\github\docker-java\docker-java-api\3.4.0\docker-java-api-3.4.0.jar;C:\Users\joaoa\.m2\repository\com\github\docker-java\docker-java-transport-zerodep\3.4.0\docker-java-transport-zerodep-3.4.0.jar;C:\Users\joaoa\.m2\repository\com\github\docker-java\docker-java-transport\3.4.0\docker-java-transport-3.4.0.jar;C:\Users\joaoa\.m2\repository\net\java\dev\jna\jna\5.13.0\jna-5.13.0.jar;C:\Users\joaoa\.m2\repository\io\rest-assured\rest-assured\5.5.0\rest-assured-5.5.0.jar;C:\Users\joaoa\.m2\repository\org\apache\groovy\groovy\4.0.24\groovy-4.0.24.jar;C:\Users\joaoa\.m2\repository\org\apache\groovy\groovy-xml\4.0.24\groovy-xml-4.0.24.jar;C:\Users\joaoa\.m2\repository\org\apache\httpcomponents\httpclient\4.5.13\httpclient-4.5.13.jar;C:\Users\joaoa\.m2\repository\org\apache\httpcomponents\httpcore\4.4.16\httpcore-4.4.16.jar;C:\Users\joaoa\.m2\repository\org\apache\httpcomponents\httpmime\4.5.13\httpmime-4.5.13.jar;C:\Users\joaoa\.m2\repository\org\ccil\cowan\tagsoup\tagsoup\1.2.1\tagsoup-1.2.1.jar;C:\Users\joaoa\.m2\repository\io\rest-assured\json-path\5.5.0\json-path-5.5.0.jar;C:\Users\joaoa\.m2\repository\org\apache\groovy\groovy-json\4.0.24\groovy-json-4.0.24.jar;C:\Users\joaoa\.m2\repository\io\rest-assured\rest-assured-common\5.5.0\rest-assured-common-5.5.0.jar;C:\Users\joaoa\.m2\repository\io\rest-assured\xml-path\5.5.0\xml-path-5.5.0.jar;C:\Users\joaoa\.m2\repository\org\springframework\boot\spring-boot-devtools\3.4.1\spring-boot-devtools-3.4.1.jar;C:\Users\joaoa\.m2\repository\org\springframework\boot\spring-boot\3.4.1\spring-boot-3.4.1.jar;C:\Users\joaoa\.m2\repository\org\springframework\boot\spring-boot-autoconfigure\3.4.1\spring-boot-autoconfigure-3.4.1.jar;"/>
    <property name="sun.cpu.endian" value="little"/>
    <property name="user.home" value="C:\Users\joaoa"/>
    <property name="user.language" value="pt"/>
    <property name="java.specification.vendor" value="Oracle Corporation"/>
    <property name="java.version.date" value="2025-09-16"/>
    <property name="java.home" value="C:\Program Files\Java\jdk-25"/>
    <property name="file.separator" value="\"/>
    <property name="basedir" value="C:\Users\joaoa\OneDrive\Área de Trabalho\projetoJMJ\Back_End\ProjetoJMJ_SpringBoot"/>
    <property name="java.vm.compressedOopsMode" value="32-bit"/>
    <property name="line.separator" value="&#10;"/>
    <property name="java.vm.specification.vendor" value="Oracle Corporation"/>
    <property name="java.specification.name" value="Java Platform API Specification"/>
    <property name="FILE_LOG_CHARSET" value="UTF-8"/>
    <property name="java.awt.headless" value="true"/>
    <property name="surefire.real.class.path" value="C:\Users\joaoa\AppData\Local\Temp\surefire14748184221175860577\surefirebooter-20251015142849606_3.jar"/>
    <property name="user.script" value=""/>
    <property name="polyglot.engine.WarnInterpreterOnly" value="false"/>
    <property name="sun.management.compiler" value="HotSpot 64-Bit Tiered Compilers"/>
    <property name="java.runtime.version" value="25+37-LTS-3491"/>
    <property name="user.name" value="joaoa"/>
    <property name="stdout.encoding" value="Cp1252"/>
    <property name="path.separator" value=";"/>
    <property name="os.version" value="10.0"/>
    <property name="java.runtime.name" value="Java(TM) SE Runtime Environment"/>
    <property name="file.encoding" value="UTF-8"/>
    <property name="java.vm.name" value="Java HotSpot(TM) 64-Bit Server VM"/>
    <property name="localRepository" value="C:\Users\joaoa\.m2\repository"/>
    <property name="java.vendor.url.bug" value="https://bugreport.java.com/bugreport/"/>
    <property name="java.io.tmpdir" value="C:\Users\joaoa\AppData\Local\Temp\"/>
    <property name="catalina.home" value="C:\Users\joaoa\AppData\Local\Temp\tomcat.80.5718048080385399824"/>
    <property name="com.zaxxer.hikari.pool_number" value="1"/>
    <property name="java.version" value="25"/>
    <property name="user.dir" value="C:\Users\joaoa\OneDrive\Área de Trabalho\projetoJMJ\Back_End\ProjetoJMJ_SpringBoot"/>
    <property name="os.arch" value="amd64"/>
    <property name="java.vm.specification.name" value="Java Virtual Machine Specification"/>
    <property name="PID" value="5760"/>
    <property name="sun.os.patch.level" value=""/>
    <property name="CONSOLE_LOG_CHARSET" value="UTF-8"/>
    <property name="catalina.base" value="C:\Users\joaoa\AppData\Local\Temp\tomcat.80.5718048080385399824"/>
    <property name="native.encoding" value="Cp1252"/>
    <property name="java.library.path" value="C:\Program Files\Java\jdk-25\bin;C:\WINDOWS\Sun\Java\bin;C:\WINDOWS\system32;C:\WINDOWS;C:\Program Files\Common Files\Oracle\Java\javapath;C:\Windows\system32;C:\Windows;C:\Windows\System32\Wbem;C:\Windows\System32\WindowsPowerShell\v1.0\;C:\Windows\System32\OpenSSH\;C:\Program Files (x86)\NVIDIA Corporation\PhysX\Common;C:\Program Files\NVIDIA Corporation\NVIDIA NvDLISR;C:\WINDOWS\system32;C:\WINDOWS;C:\WINDOWS\System32\Wbem;C:\WINDOWS\System32\WindowsPowerShell\v1.0\;C:\WINDOWS\System32\OpenSSH\;C:\Program Files\Docker\Docker\resources\bin;C:\ProgramData\chocolatey\bin;C:\Program Files\nodejs\;C:\Program Files\Git\cmd;C:\apache-maven-3.9.11\bin;C:\Users\joaoa\AppData\Local\Microsoft\WindowsApps;C:\Program Files\JetBrains\IntelliJ IDEA 2025.2.3\bin;C:\Users\joaoa\AppData\Local\Programs\Microsoft VS Code\bin;C:\Users\joaoa\AppData\Roaming\npm;."/>
    <property name="java.vm.info" value="mixed mode, sharing"/>
    <property name="stderr.encoding" value="Cp1252"/>
    <property name="java.vendor" value="Oracle Corporation"/>
    <property name="java.vm.version" value="25+37-LTS-3491"/>
    <property name="stdin.encoding" value="Cp1252"/>
    <property name="sun.io.unicode.encoding" value="UnicodeLittle"/>
    <property name="java.class.version" value="69.0"/>
    <property name="LOGGED_APPLICATION_NAME" value="[rest-with-spring-boot-and-java-erudio] "/>
  </properties>
  <testcase name="signin" classname="br.com.erudio.integrationtests.controllers.withyaml.AuthControllerYamlTest" time="1.643">
    <error message="Connection refused: connect" type="java.net.ConnectException"><![CDATA[java.net.ConnectException: Connection refused: connect
	at java.base/sun.nio.ch.Net.connect0(Native Method)
	at java.base/sun.nio.ch.Net.connect(Net.java:546)
	at java.base/sun.nio.ch.Net.connect(Net.java:535)
	at java.base/sun.nio.ch.NioSocketImpl.connect(NioSocketImpl.java:585)
	at java.base/java.net.SocksSocketImpl.connect(SocksSocketImpl.java:284)
	at java.base/java.net.Socket.connect(Socket.java:659)
	at org.apache.http.conn.scheme.PlainSocketFactory.connectSocket(PlainSocketFactory.java:121)
	at org.apache.http.impl.conn.DefaultClientConnectionOperator.openConnection(DefaultClientConnectionOperator.java:180)
	at org.apache.http.impl.conn.ManagedClientConnectionImpl.open(ManagedClientConnectionImpl.java:326)
	at org.apache.http.impl.client.DefaultRequestDirector.tryConnect(DefaultRequestDirector.java:605)
	at org.apache.http.impl.client.DefaultRequestDirector.execute(DefaultRequestDirector.java:440)
	at org.apache.http.impl.client.AbstractHttpClient.doExecute(AbstractHttpClient.java:835)
	at org.apache.http.impl.client.CloseableHttpClient.execute(CloseableHttpClient.java:83)
	at io.restassured.internal.RestAssuredHttpBuilder.doRequest(RestAssuredHttpBuilder.java:141)
	at io.restassured.internal.http.HTTPBuilder.post(HTTPBuilder.java:349)
	at io.restassured.internal.http.HTTPBuilder$post$2.call(Unknown Source)
	at org.codehaus.groovy.runtime.callsite.CallSiteArray.defaultCall(CallSiteArray.java:45)
	at org.codehaus.groovy.runtime.callsite.AbstractCallSite.call(AbstractCallSite.java:125)
	at org.codehaus.groovy.runtime.callsite.AbstractCallSite.call(AbstractCallSite.java:148)
	at io.restassured.internal.RequestSpecificationImpl.sendRequest(RequestSpecificationImpl.groovy:1209)
	at io.restassured.internal.RequestSpecificationImpl.this$2$sendRequest(RequestSpecificationImpl.groovy)
	at java.base/jdk.internal.reflect.DirectMethodHandleAccessor.invoke(DirectMethodHandleAccessor.java:104)
	at java.base/java.lang.reflect.Method.invoke(Method.java:565)
	at org.codehaus.groovy.reflection.CachedMethod.invoke(CachedMethod.java:343)
	at groovy.lang.MetaMethod.doMethodInvoke(MetaMethod.java:328)
	at groovy.lang.MetaClassImpl.doInvokeMethod(MetaClassImpl.java:1333)
	at groovy.lang.MetaClassImpl.invokeMethod(MetaClassImpl.java:1088)
	at groovy.lang.MetaClassImpl.invokeMethod(MetaClassImpl.java:1007)
	at groovy.lang.MetaClassImpl.invokeMethod(MetaClassImpl.java:790)
	at io.restassured.internal.RequestSpecificationImpl.invokeMethod(RequestSpecificationImpl.groovy)
	at org.codehaus.groovy.runtime.callsite.PogoInterceptableSite.call(PogoInterceptableSite.java:46)
	at org.codehaus.groovy.runtime.callsite.CallSiteArray.defaultCall(CallSiteArray.java:45)
	at org.codehaus.groovy.runtime.callsite.AbstractCallSite.call(AbstractCallSite.java:125)
	at org.codehaus.groovy.runtime.callsite.AbstractCallSite.call(AbstractCallSite.java:166)
	at io.restassured.internal.filter.SendRequestFilter.filter(SendRequestFilter.groovy:30)
	at io.restassured.filter.Filter$filter.call(Unknown Source)
	at org.codehaus.groovy.runtime.callsite.CallSiteArray.defaultCall(CallSiteArray.java:45)
	at io.restassured.filter.Filter$filter$0.call(Unknown Source)
	at io.restassured.internal.filter.FilterContextImpl.next(FilterContextImpl.groovy:72)
	at io.restassured.filter.time.TimingFilter.filter(TimingFilter.java:56)
	at io.restassured.filter.Filter$filter$0.call(Unknown Source)
	at org.codehaus.groovy.runtime.callsite.CallSiteArray.defaultCall(CallSiteArray.java:45)
	at io.restassured.filter.Filter$filter.call(Unknown Source)
	at io.restassured.internal.filter.FilterContextImpl.next(FilterContextImpl.groovy:72)
	at io.restassured.filter.FilterContext$next.call(Unknown Source)
	at org.codehaus.groovy.runtime.callsite.CallSiteArray.defaultCall(CallSiteArray.java:45)
	at org.codehaus.groovy.runtime.callsite.AbstractCallSite.call(AbstractCallSite.java:125)
	at org.codehaus.groovy.runtime.callsite.AbstractCallSite.call(AbstractCallSite.java:148)
	at io.restassured.internal.filter.CsrfFilter.filter(CsrfFilter.groovy:70)
	at io.restassured.filter.Filter$filter.call(Unknown Source)
	at org.codehaus.groovy.runtime.callsite.CallSiteArray.defaultCall(CallSiteArray.java:45)
	at org.codehaus.groovy.runtime.callsite.AbstractCallSite.call(AbstractCallSite.java:125)
	at org.codehaus.groovy.runtime.callsite.AbstractCallSite.call(AbstractCallSite.java:157)
	at io.restassured.internal.filter.FilterContextImpl.next(FilterContextImpl.groovy:72)
	at io.restassured.filter.FilterContext$next.call(Unknown Source)
	at org.codehaus.groovy.runtime.callsite.CallSiteArray.defaultCall(CallSiteArray.java:45)
	at org.codehaus.groovy.runtime.callsite.AbstractCallSite.call(AbstractCallSite.java:125)
	at org.codehaus.groovy.runtime.callsite.AbstractCallSite.call(AbstractCallSite.java:148)
	at io.restassured.internal.RequestSpecificationImpl.applyPathParamsAndSendRequest(RequestSpecificationImpl.groovy:1704)
	at io.restassured.internal.RequestSpecificationImpl.this$2$applyPathParamsAndSendRequest(RequestSpecificationImpl.groovy)
	at java.base/jdk.internal.reflect.DirectMethodHandleAccessor.invoke(DirectMethodHandleAccessor.java:104)
	at java.base/java.lang.reflect.Method.invoke(Method.java:565)
	at org.codehaus.groovy.reflection.CachedMethod.invoke(CachedMethod.java:343)
	at groovy.lang.MetaMethod.doMethodInvoke(MetaMethod.java:328)
	at groovy.lang.MetaClassImpl.doInvokeMethod(MetaClassImpl.java:1333)
	at groovy.lang.MetaClassImpl.invokeMethod(MetaClassImpl.java:1088)
	at groovy.lang.MetaClassImpl.invokeMethod(MetaClassImpl.java:1007)
	at groovy.lang.MetaClassImpl.invokeMethod(MetaClassImpl.java:790)
	at io.restassured.internal.RequestSpecificationImpl.invokeMethod(RequestSpecificationImpl.groovy)
	at org.codehaus.groovy.runtime.callsite.PogoInterceptableSite.call(PogoInterceptableSite.java:46)
	at org.codehaus.groovy.runtime.callsite.PogoInterceptableSite.callCurrent(PogoInterceptableSite.java:57)
	at org.codehaus.groovy.runtime.callsite.CallSiteArray.defaultCallCurrent(CallSiteArray.java:49)
	at org.codehaus.groovy.runtime.callsite.AbstractCallSite.callCurrent(AbstractCallSite.java:171)
	at org.codehaus.groovy.runtime.callsite.AbstractCallSite.callCurrent(AbstractCallSite.java:203)
	at io.restassured.internal.RequestSpecificationImpl.applyPathParamsAndSendRequest(RequestSpecificationImpl.groovy:1710)
	at io.restassured.internal.RequestSpecificationImpl.this$2$applyPathParamsAndSendRequest(RequestSpecificationImpl.groovy)
	at java.base/jdk.internal.reflect.DirectMethodHandleAccessor.invoke(DirectMethodHandleAccessor.java:104)
	at java.base/java.lang.reflect.Method.invoke(Method.java:565)
	at org.codehaus.groovy.reflection.CachedMethod.invoke(CachedMethod.java:343)
	at groovy.lang.MetaMethod.doMethodInvoke(MetaMethod.java:328)
	at groovy.lang.MetaClassImpl.doInvokeMethod(MetaClassImpl.java:1333)
	at groovy.lang.MetaClassImpl.invokeMethod(MetaClassImpl.java:1088)
	at groovy.lang.MetaClassImpl.invokeMethod(MetaClassImpl.java:1007)
	at groovy.lang.MetaClassImpl.invokeMethod(MetaClassImpl.java:790)
	at io.restassured.internal.RequestSpecificationImpl.invokeMethod(RequestSpecificationImpl.groovy)
	at org.codehaus.groovy.runtime.callsite.PogoInterceptableSite.call(PogoInterceptableSite.java:46)
	at org.codehaus.groovy.runtime.callsite.PogoInterceptableSite.callCurrent(PogoInterceptableSite.java:57)
	at org.codehaus.groovy.runtime.callsite.CallSiteArray.defaultCallCurrent(CallSiteArray.java:49)
	at org.codehaus.groovy.runtime.callsite.AbstractCallSite.callCurrent(AbstractCallSite.java:171)
	at org.codehaus.groovy.runtime.callsite.AbstractCallSite.callCurrent(AbstractCallSite.java:203)
	at io.restassured.internal.RequestSpecificationImpl.post(RequestSpecificationImpl.groovy:176)
	at io.restassured.internal.RequestSpecificationImpl.post(RequestSpecificationImpl.groovy)
	at java.base/jdk.internal.reflect.DirectMethodHandleAccessor.invoke(DirectMethodHandleAccessor.java:104)
	at java.base/java.lang.reflect.Method.invoke(Method.java:565)
	at org.codehaus.groovy.reflection.CachedMethod.invoke(CachedMethod.java:343)
	at groovy.lang.MetaMethod.doMethodInvoke(MetaMethod.java:328)
	at groovy.lang.MetaClassImpl.doInvokeMethod(MetaClassImpl.java:1333)
	at groovy.lang.MetaClassImpl.invokeMethod(MetaClassImpl.java:1088)
	at groovy.lang.MetaClassImpl.invokeMethod(MetaClassImpl.java:1007)
	at groovy.lang.MetaClassImpl.invokeMethod(MetaClassImpl.java:790)
	at io.restassured.internal.RequestSpecificationImpl.invokeMethod(RequestSpecificationImpl.groovy)
	at org.codehaus.groovy.runtime.callsite.PogoInterceptableSite.call(PogoInterceptableSite.java:46)
	at org.codehaus.groovy.runtime.callsite.PogoInterceptableSite.callCurrent(PogoInterceptableSite.java:57)
	at org.codehaus.groovy.runtime.callsite.CallSiteArray.defaultCallCurrent(CallSiteArray.java:49)
	at org.codehaus.groovy.runtime.callsite.AbstractCallSite.callCurrent(AbstractCallSite.java:171)
	at org.codehaus.groovy.runtime.callsite.AbstractCallSite.callCurrent(AbstractCallSite.java:185)
	at io.restassured.internal.RequestSpecificationImpl.post(RequestSpecificationImpl.groovy:260)
	at io.restassured.internal.RequestSpecificationImpl.post(RequestSpecificationImpl.groovy)
	at br.com.erudio.integrationtests.controllers.withyaml.AuthControllerYamlTest.signin(AuthControllerYamlTest.java:54)
	at java.base/java.lang.reflect.Method.invoke(Method.java:565)
	at java.base/java.util.ArrayList.forEach(ArrayList.java:1604)
	at java.base/java.util.ArrayList.forEach(ArrayList.java:1604)
]]></error>
    <system-out><![CDATA[14:28:50.860 [main] INFO org.springframework.test.context.support.AnnotationConfigContextLoaderUtils -- Could not detect default configuration classes for test class [br.com.erudio.integrationtests.testcontainers.AbstractIntegrationTest]: AbstractIntegrationTest does not declare any static, non-private, non-final, nested classes annotated with @Configuration.
14:28:51.075 [main] INFO org.springframework.boot.test.context.SpringBootTestContextBootstrapper -- Found @SpringBootConfiguration br.com.erudio.Startup for test class br.com.erudio.integrationtests.controllers.withyaml.AuthControllerYamlTest
14:28:51.519 [main] INFO org.testcontainers.images.PullPolicy -- Image pull policy will be performed by: DefaultPullPolicy()
14:28:51.522 [main] INFO org.testcontainers.utility.ImageNameSubstitutor -- Image name substitution will be performed by: DefaultImageNameSubstitutor (composite of 'ConfigurationFileImageNameSubstitutor' and 'PrefixingImageNameSubstitutor')
14:28:51.615 [main] INFO org.springframework.boot.devtools.restart.RestartApplicationListener -- Restart disabled due to context in which it is running

  .   ____          _            __ _ _
 /\\ / ___'_ __ _ _(_)_ __  __ _ \ \ \ \
( ( )\___ | '_ | '_| | '_ \/ _` | \ \ \ \
 \\/  ___)| |_)| | | | | || (_| |  ) ) ) )
  '  |____| .__|_| |_|_| |_\__, | / / / /
 =========|_|==============|___/=/_/_/_/

 :: Spring Boot ::                (v3.4.1)

2025-10-15T14:28:52.102-03:00  INFO 5760 --- [rest-with-spring-boot-and-java-erudio] [ers-lifecycle-0] org.testcontainers.DockerClientFactory   : Testcontainers version: 1.20.4
2025-10-15T14:28:52.425-03:00  INFO 5760 --- [rest-with-spring-boot-and-java-erudio] [ers-lifecycle-0] o.t.d.DockerClientProviderStrategy       : Loaded org.testcontainers.dockerclient.NpipeSocketClientProviderStrategy from ~/.testcontainers.properties, will try it first
2025-10-15T14:28:52.847-03:00  INFO 5760 --- [rest-with-spring-boot-and-java-erudio] [ers-lifecycle-0] o.t.d.DockerClientProviderStrategy       : Found Docker environment with local Npipe socket (npipe:////./pipe/docker_engine)
2025-10-15T14:28:52.849-03:00  INFO 5760 --- [rest-with-spring-boot-and-java-erudio] [ers-lifecycle-0] org.testcontainers.DockerClientFactory   : Docker host IP address is localhost
2025-10-15T14:28:52.883-03:00  INFO 5760 --- [rest-with-spring-boot-and-java-erudio] [ers-lifecycle-0] org.testcontainers.DockerClientFactory   : Connected to docker: 
  Server Version: 28.4.0
  API Version: 1.51
  Operating System: Docker Desktop
  Total Memory: 3848 MB
  Labels: 
    com.docker.desktop.address=npipe://\\.\pipe\docker_cli
2025-10-15T14:28:52.972-03:00  INFO 5760 --- [rest-with-spring-boot-and-java-erudio] [ers-lifecycle-0] tc.testcontainers/ryuk:0.11.0            : Creating container for image: testcontainers/ryuk:0.11.0
2025-10-15T14:28:53.367-03:00  INFO 5760 --- [rest-with-spring-boot-and-java-erudio] [ers-lifecycle-0] tc.testcontainers/ryuk:0.11.0            : Container testcontainers/ryuk:0.11.0 is starting: 49d1fdc98b47aac42090da1448b74943c6b45defc0527db6368f3f6a4fe26f58
2025-10-15T14:28:53.928-03:00  INFO 5760 --- [rest-with-spring-boot-and-java-erudio] [ers-lifecycle-0] tc.testcontainers/ryuk:0.11.0            : Container testcontainers/ryuk:0.11.0 started in PT0.9563213S
2025-10-15T14:28:53.940-03:00  INFO 5760 --- [rest-with-spring-boot-and-java-erudio] [ers-lifecycle-0] o.t.utility.RyukResourceReaper           : Ryuk started - will monitor and terminate Testcontainers containers on JVM exit
2025-10-15T14:28:53.940-03:00  INFO 5760 --- [rest-with-spring-boot-and-java-erudio] [ers-lifecycle-0] org.testcontainers.DockerClientFactory   : Checking the system...
2025-10-15T14:28:53.941-03:00  INFO 5760 --- [rest-with-spring-boot-and-java-erudio] [ers-lifecycle-0] org.testcontainers.DockerClientFactory   : ✔︎ Docker server version should be at least 1.6.0
2025-10-15T14:28:53.944-03:00  INFO 5760 --- [rest-with-spring-boot-and-java-erudio] [ers-lifecycle-0] tc.mysql:9.1.0                           : Creating container for image: mysql:9.1.0
2025-10-15T14:28:54.157-03:00  INFO 5760 --- [rest-with-spring-boot-and-java-erudio] [ers-lifecycle-0] tc.mysql:9.1.0                           : Container mysql:9.1.0 is starting: 69b3006592821644fe658dda5c7491f6c762884e59c26981b085720cc32578c7
2025-10-15T14:28:54.516-03:00  INFO 5760 --- [rest-with-spring-boot-and-java-erudio] [ers-lifecycle-0] tc.mysql:9.1.0                           : Waiting for database connection to become available at jdbc:mysql://localhost:57523/test using query 'SELECT 1'
2025-10-15T14:29:09.896-03:00  INFO 5760 --- [rest-with-spring-boot-and-java-erudio] [ers-lifecycle-0] tc.mysql:9.1.0                           : Container mysql:9.1.0 started in PT15.9516642S
2025-10-15T14:29:09.896-03:00  INFO 5760 --- [rest-with-spring-boot-and-java-erudio] [ers-lifecycle-0] tc.mysql:9.1.0                           : Container is started (JDBC URL: jdbc:mysql://localhost:57523/test)
2025-10-15T14:29:09.905-03:00  INFO 5760 --- [rest-with-spring-boot-and-java-erudio] [           main] b.c.e.i.c.w.AuthControllerYamlTest       : Starting AuthControllerYamlTest using Java 25 with PID 5760 (started by joaoa in C:\Users\joaoa\OneDrive\Área de Trabalho\projetoJMJ\Back_End\ProjetoJMJ_SpringBoot)
2025-10-15T14:29:09.906-03:00  INFO 5760 --- [rest-with-spring-boot-and-java-erudio] [           main] b.c.e.i.c.w.AuthControllerYamlTest       : No active profile set, falling back to 1 default profile: "default"
2025-10-15T14:29:11.169-03:00  INFO 5760 --- [rest-with-spring-boot-and-java-erudio] [           main] .s.d.r.c.RepositoryConfigurationDelegate : Bootstrapping Spring Data JPA repositories in DEFAULT mode.
2025-10-15T14:29:11.290-03:00  INFO 5760 --- [rest-with-spring-boot-and-java-erudio] [           main] .s.d.r.c.RepositoryConfigurationDelegate : Finished Spring Data repository scanning in 110 ms. Found 3 JPA repository interfaces.
2025-10-15T14:29:12.115-03:00  INFO 5760 --- [rest-with-spring-boot-and-java-erudio] [           main] o.s.b.w.embedded.tomcat.TomcatWebServer  : Tomcat initialized with port 80 (http)
2025-10-15T14:29:12.136-03:00  INFO 5760 --- [rest-with-spring-boot-and-java-erudio] [           main] o.apache.catalina.core.StandardService   : Starting service [Tomcat]
2025-10-15T14:29:12.136-03:00  INFO 5760 --- [rest-with-spring-boot-and-java-erudio] [           main] o.apache.catalina.core.StandardEngine    : Starting Servlet engine: [Apache Tomcat/10.1.34]
2025-10-15T14:29:12.252-03:00  INFO 5760 --- [rest-with-spring-boot-and-java-erudio] [           main] o.a.c.c.C.[Tomcat].[localhost].[/]       : Initializing Spring embedded WebApplicationContext
2025-10-15T14:29:12.253-03:00  INFO 5760 --- [rest-with-spring-boot-and-java-erudio] [           main] w.s.c.ServletWebServerApplicationContext : Root WebApplicationContext: initialization completed in 2125 ms
2025-10-15T14:29:12.571-03:00  INFO 5760 --- [rest-with-spring-boot-and-java-erudio] [           main] com.zaxxer.hikari.HikariDataSource       : HikariPool-1 - Starting...
2025-10-15T14:29:12.874-03:00  INFO 5760 --- [rest-with-spring-boot-and-java-erudio] [           main] com.zaxxer.hikari.pool.HikariPool        : HikariPool-1 - Added connection com.mysql.cj.jdbc.ConnectionImpl@441aa7ae
2025-10-15T14:29:12.877-03:00  INFO 5760 --- [rest-with-spring-boot-and-java-erudio] [           main] com.zaxxer.hikari.HikariDataSource       : HikariPool-1 - Start completed.
2025-10-15T14:29:12.931-03:00  INFO 5760 --- [rest-with-spring-boot-and-java-erudio] [           main] org.flywaydb.core.FlywayExecutor         : Database: jdbc:mysql://localhost:57523/test (MySQL 9.1)
2025-10-15T14:29:13.005-03:00  WARN 5760 --- [rest-with-spring-boot-and-java-erudio] [           main] o.f.c.internal.database.base.Database    : Flyway upgrade recommended: MySQL 9.1 is newer than this version of Flyway and support has not been tested. The latest supported version of MySQL is 8.1.
2025-10-15T14:29:13.083-03:00  INFO 5760 --- [rest-with-spring-boot-and-java-erudio] [           main] o.f.c.i.s.JdbcTableSchemaHistory         : Schema history table `test`.`flyway_schema_history` does not exist yet
2025-10-15T14:29:13.089-03:00  INFO 5760 --- [rest-with-spring-boot-and-java-erudio] [           main] o.f.core.internal.command.DbValidate     : Successfully validated 18 migrations (execution time 00:00.070s)
2025-10-15T14:29:13.135-03:00  INFO 5760 --- [rest-with-spring-boot-and-java-erudio] [           main] o.f.c.i.s.JdbcTableSchemaHistory         : Creating Schema History table `test`.`flyway_schema_history` ...
2025-10-15T14:29:13.256-03:00  INFO 5760 --- [rest-with-spring-boot-and-java-erudio] [           main] o.f.core.internal.command.DbMigrate      : Current version of schema `test`: << Empty Schema >>
2025-10-15T14:29:13.274-03:00  INFO 5760 --- [rest-with-spring-boot-and-java-erudio] [           main] o.f.core.internal.command.DbMigrate      : Migrating schema `test` to version "1 - Create Table Person"
2025-10-15T14:29:13.308-03:00  WARN 5760 --- [rest-with-spring-boot-and-java-erudio] [           main] o.f.c.i.s.DefaultSqlScriptExecutor       : DB: Integer display width is deprecated and will be removed in a future release. (SQL State: HY000 - Error Code: 1681)
2025-10-15T14:29:13.362-03:00  INFO 5760 --- [rest-with-spring-boot-and-java-erudio] [           main] o.f.core.internal.command.DbMigrate      : Migrating schema `test` to version "2 - Populate Table Person"
2025-10-15T14:29:13.416-03:00  INFO 5760 --- [rest-with-spring-boot-and-java-erudio] [           main] o.f.core.internal.command.DbMigrate      : Migrating schema `test` to version "3 - Create Table Books"
2025-10-15T14:29:13.445-03:00  WARN 5760 --- [rest-with-spring-boot-and-java-erudio] [           main] o.f.c.i.s.DefaultSqlScriptExecutor       : DB: Integer display width is deprecated and will be removed in a future release. (SQL State: HY000 - Error Code: 1681)
2025-10-15T14:29:13.490-03:00  INFO 5760 --- [rest-with-spring-boot-and-java-erudio] [           main] o.f.core.internal.command.DbMigrate      : Migrating schema `test` to version "4 - Insert Data In Books"
2025-10-15T14:29:13.531-03:00  INFO 5760 --- [rest-with-spring-boot-and-java-erudio] [           main] o.f.core.internal.command.DbMigrate      : Migrating schema `test` to version "5 - Alter Table Person"
2025-10-15T14:29:13.627-03:00  INFO 5760 --- [rest-with-spring-boot-and-java-erudio] [           main] o.f.core.internal.command.DbMigrate      : Migrating schema `test` to version "6 - Populate Person With Many"
2025-10-15T14:29:13.719-03:00  INFO 5760 --- [rest-with-spring-boot-and-java-erudio] [           main] o.f.core.internal.command.DbMigrate      : Migrating schema `test` to version "7 - Populate Books With Many"
2025-10-15T14:29:13.778-03:00  INFO 5760 --- [rest-with-spring-boot-and-java-erudio] [           main] o.f.core.internal.command.DbMigrate      : Migrating schema `test` to version "8 - Alter Table Person Adding Photo And Wiki"
2025-10-15T14:29:13.950-03:00  INFO 5760 --- [rest-with-spring-boot-and-java-erudio] [           main] o.f.core.internal.command.DbMigrate      : Migrating schema `test` to version "9 - Inserting Wikipedia Url"
2025-10-15T14:29:14.049-03:00  INFO 5760 --- [rest-with-spring-boot-and-java-erudio] [           main] o.f.core.internal.command.DbMigrate      : Migrating schema `test` to version "10 - Inserting Photo Url"
2025-10-15T14:29:14.115-03:00  INFO 5760 --- [rest-with-spring-boot-and-java-erudio] [           main] o.f.core.internal.command.DbMigrate      : Migrating schema `test` to version "11 - Create Join Table Person Books"
2025-10-15T14:29:14.170-03:00  WARN 5760 --- [rest-with-spring-boot-and-java-erudio] [           main] o.f.c.i.s.DefaultSqlScriptExecutor       : DB: Integer display width is deprecated and will be removed in a future release. (SQL State: HY000 - Error Code: 1681)
2025-10-15T14:29:14.170-03:00  WARN 5760 --- [rest-with-spring-boot-and-java-erudio] [           main] o.f.c.i.s.DefaultSqlScriptExecutor       : DB: Integer display width is deprecated and will be removed in a future release. (SQL State: HY000 - Error Code: 1681)
2025-10-15T14:29:14.214-03:00  INFO 5760 --- [rest-with-spring-boot-and-java-erudio] [           main] o.f.core.internal.command.DbMigrate      : Migrating schema `test` to version "12 - Insert Data In Join Table Person Books"
2025-10-15T14:29:14.359-03:00  INFO 5760 --- [rest-with-spring-boot-and-java-erudio] [           main] o.f.core.internal.command.DbMigrate      : Migrating schema `test` to version "13 - Create Table Permission"
2025-10-15T14:29:14.383-03:00  WARN 5760 --- [rest-with-spring-boot-and-java-erudio] [           main] o.f.c.i.s.DefaultSqlScriptExecutor       : DB: Integer display width is deprecated and will be removed in a future release. (SQL State: HY000 - Error Code: 1681)
2025-10-15T14:29:14.412-03:00  INFO 5760 --- [rest-with-spring-boot-and-java-erudio] [           main] o.f.core.internal.command.DbMigrate      : Migrating schema `test` to version "14 - Insert Data In Permission"
2025-10-15T14:29:14.447-03:00  INFO 5760 --- [rest-with-spring-boot-and-java-erudio] [           main] o.f.core.internal.command.DbMigrate      : Migrating schema `test` to version "15 - Create Table Users"
2025-10-15T14:29:14.506-03:00  WARN 5760 --- [rest-with-spring-boot-and-java-erudio] [           main] o.f.c.i.s.DefaultSqlScriptExecutor       : DB: Integer display width is deprecated and will be removed in a future release. (SQL State: HY000 - Error Code: 1681)
2025-10-15T14:29:14.567-03:00  INFO 5760 --- [rest-with-spring-boot-and-java-erudio] [           main] o.f.core.internal.command.DbMigrate      : Migrating schema `test` to version "16 - Insert Data In Users"
2025-10-15T14:29:14.608-03:00  INFO 5760 --- [rest-with-spring-boot-and-java-erudio] [           main] o.f.core.internal.command.DbMigrate      : Migrating schema `test` to version "17 - Create Table User Permission"
2025-10-15T14:29:14.674-03:00  WARN 5760 --- [rest-with-spring-boot-and-java-erudio] [           main] o.f.c.i.s.DefaultSqlScriptExecutor       : DB: Integer display width is deprecated and will be removed in a future release. (SQL State: HY000 - Error Code: 1681)
2025-10-15T14:29:14.675-03:00  WARN 5760 --- [rest-with-spring-boot-and-java-erudio] [           main] o.f.c.i.s.DefaultSqlScriptExecutor       : DB: Integer display width is deprecated and will be removed in a future release. (SQL State: HY000 - Error Code: 1681)
2025-10-15T14:29:14.789-03:00  INFO 5760 --- [rest-with-spring-boot-and-java-erudio] [           main] o.f.core.internal.command.DbMigrate      : Migrating schema `test` to version "18 - Insert Data In User Permission"
2025-10-15T14:29:14.827-03:00  INFO 5760 --- [rest-with-spring-boot-and-java-erudio] [           main] o.f.core.internal.command.DbMigrate      : Successfully applied 18 migrations to schema `test`, now at version v18 (execution time 00:00.608s)
2025-10-15T14:29:14.975-03:00  INFO 5760 --- [rest-with-spring-boot-and-java-erudio] [           main] o.hibernate.jpa.internal.util.LogHelper  : HHH000204: Processing PersistenceUnitInfo [name: default]
2025-10-15T14:29:15.224-03:00  INFO 5760 --- [rest-with-spring-boot-and-java-erudio] [           main] org.hibernate.Version                    : HHH000412: Hibernate ORM core version 6.6.4.Final
2025-10-15T14:29:15.276-03:00  INFO 5760 --- [rest-with-spring-boot-and-java-erudio] [           main] o.h.c.internal.RegionFactoryInitiator    : HHH000026: Second-level cache disabled
2025-10-15T14:29:15.667-03:00  INFO 5760 --- [rest-with-spring-boot-and-java-erudio] [           main] o.s.o.j.p.SpringPersistenceUnitInfo      : No LoadTimeWeaver setup: ignoring JPA class transformer
2025-10-15T14:29:15.788-03:00  INFO 5760 --- [rest-with-spring-boot-and-java-erudio] [           main] org.hibernate.orm.connections.pooling    : HHH10001005: Database info:
	Database JDBC URL [Connecting through datasource 'HikariDataSource (HikariPool-1)']
	Database driver: undefined/unknown
	Database version: 9.1
	Autocommit mode: undefined/unknown
	Isolation level: undefined/unknown
	Minimum pool size: undefined/unknown
	Maximum pool size: undefined/unknown
2025-10-15T14:29:16.821-03:00  INFO 5760 --- [rest-with-spring-boot-and-java-erudio] [           main] o.h.e.t.j.p.i.JtaPlatformInitiator       : HHH000489: No JTA platform available (set 'hibernate.transaction.jta.platform' to enable JTA platform integration)
2025-10-15T14:29:16.825-03:00  INFO 5760 --- [rest-with-spring-boot-and-java-erudio] [           main] j.LocalContainerEntityManagerFactoryBean : Initialized JPA EntityManagerFactory for persistence unit 'default'
2025-10-15T14:29:17.150-03:00  INFO 5760 --- [rest-with-spring-boot-and-java-erudio] [           main] o.s.d.j.r.query.QueryEnhancerFactory     : Hibernate is in classpath; If applicable, HQL parser will be used.
2025-10-15T14:29:17.684-03:00  INFO 5760 --- [rest-with-spring-boot-and-java-erudio] [           main] r$InitializeUserDetailsManagerConfigurer : Global AuthenticationManager configured with UserDetailsService bean with name userService
2025-10-15T14:29:17.774-03:00  INFO 5760 --- [rest-with-spring-boot-and-java-erudio] [           main] b.c.erudio.services.FileStorageService   : Creating Directories
2025-10-15T14:29:18.613-03:00  INFO 5760 --- [rest-with-spring-boot-and-java-erudio] [           main] o.s.v.b.OptionalValidatorFactoryBean     : Failed to set up a Bean Validation provider: jakarta.validation.NoProviderFoundException: Unable to create a Configuration, because no Jakarta Bean Validation provider could be found. Add a provider like Hibernate Validator (RI) to your classpath.
2025-10-15T14:29:19.119-03:00  INFO 5760 --- [rest-with-spring-boot-and-java-erudio] [           main] o.s.b.w.embedded.tomcat.TomcatWebServer  : Tomcat started on port 80 (http) with context path '/'
2025-10-15T14:29:19.129-03:00  INFO 5760 --- [rest-with-spring-boot-and-java-erudio] [           main] b.c.e.i.c.w.AuthControllerYamlTest       : Started AuthControllerYamlTest in 27.534 seconds (process running for 29.337)
]]></system-out>
    <system-err><![CDATA[Mockito is currently self-attaching to enable the inline-mock-maker. This will no longer work in future releases of the JDK. Please add Mockito as an agent to your build what is described in Mockito's documentation: https://javadoc.io/doc/org.mockito/mockito-core/latest/org/mockito/Mockito.html#0.3
WARNING: A Java agent has been loaded dynamically (C:\Users\joaoa\.m2\repository\net\bytebuddy\byte-buddy-agent\1.15.11\byte-buddy-agent-1.15.11.jar)
WARNING: If a serviceability tool is in use, please run with -XX:+EnableDynamicAgentLoading to hide this warning
WARNING: If a serviceability tool is not in use, please run with -Djdk.instrument.traceUsage for more information
WARNING: Dynamic loading of agents will be disallowed by default in a future release
]]></system-err>
  </testcase>
  <testcase name="refreshToken" classname="br.com.erudio.integrationtests.controllers.withyaml.AuthControllerYamlTest" time="0.011">
    <error message="parameterValue cannot be null" type="java.lang.IllegalArgumentException"><![CDATA[java.lang.IllegalArgumentException: parameterValue cannot be null
	at java.base/jdk.internal.reflect.DirectConstructorHandleAccessor.newInstance(DirectConstructorHandleAccessor.java:62)
	at java.base/java.lang.reflect.Constructor.newInstanceWithCaller(Constructor.java:499)
	at java.base/java.lang.reflect.Constructor.newInstance(Constructor.java:483)
	at org.codehaus.groovy.reflection.CachedConstructor.invoke(CachedConstructor.java:73)
	at org.codehaus.groovy.reflection.CachedConstructor.doConstructorInvoke(CachedConstructor.java:60)
	at org.codehaus.groovy.runtime.callsite.ConstructorSite$ConstructorSiteNoUnwrap.callConstructor(ConstructorSite.java:86)
	at org.codehaus.groovy.runtime.callsite.CallSiteArray.defaultCallConstructor(CallSiteArray.java:57)
	at org.codehaus.groovy.runtime.callsite.AbstractCallSite.callConstructor(AbstractCallSite.java:263)
	at org.codehaus.groovy.runtime.callsite.AbstractCallSite.callConstructor(AbstractCallSite.java:277)
	at io.restassured.internal.common.assertion.AssertParameter.notNull(AssertParameter.groovy:26)
	at io.restassured.internal.common.assertion.AssertParameter$notNull.callStatic(Unknown Source)
	at org.codehaus.groovy.runtime.callsite.CallSiteArray.defaultCallStatic(CallSiteArray.java:53)
	at org.codehaus.groovy.runtime.callsite.AbstractCallSite.callStatic(AbstractCallSite.java:217)
	at org.codehaus.groovy.runtime.callsite.AbstractCallSite.callStatic(AbstractCallSite.java:240)
	at io.restassured.internal.RequestSpecificationImpl.pathParam(RequestSpecificationImpl.groovy:515)
	at br.com.erudio.integrationtests.controllers.withyaml.AuthControllerYamlTest.refreshToken(AuthControllerYamlTest.java:78)
	at java.base/java.lang.reflect.Method.invoke(Method.java:565)
	at java.base/java.util.ArrayList.forEach(ArrayList.java:1604)
	at java.base/java.util.ArrayList.forEach(ArrayList.java:1604)
]]></error>
  </testcase>
</testsuite>